==> /var/log/kern.log <==
xcross kernel: [5753606.851940] br-7f92faed1288: port 1(veth82564e1) entered blocking state
xcross kernel: [5753606.851942] br-7f92faed1288: port 1(veth82564e1) entered disabled state
xcross kernel: [5753606.852579] device veth82564e1 entered promiscuous mode

==> /var/log/syslog <==
xcross dockerd[219873]: time="2024-02-14T17:46:24.876826737Z" level=warning msg="no trace recorder found, skipping"
xcross networkd-dispatcher[725]: WARNING:Unknown index 2207 seen, reloading interface list
xcross systemd-udevd[797485]: ethtool: autonegotiation is unset or enabled, the speed and duplex are not writable.
xcross systemd-udevd[797485]: Using default interface naming scheme 'v245'.
xcross systemd-udevd[797485]: veth8e22eab: Could not generate persistent MAC: No data available
xcross systemd-networkd[220463]: veth82564e1: Link UP
xcross systemd-udevd[797486]: ethtool: autonegotiation is unset or enabled, the speed and duplex are not writable.
xcross kernel: [5753606.851940] br-7f92faed1288: port 1(veth82564e1) entered blocking state
xcross kernel: [5753606.851942] br-7f92faed1288: port 1(veth82564e1) entered disabled state
xcross kernel: [5753606.852579] device veth82564e1 entered promiscuous mode
xcross systemd-udevd[797486]: Using default interface naming scheme 'v245'.
xcross systemd-udevd[797486]: veth82564e1: Could not generate persistent MAC: No data available
xcross dockerd[219873]: time="2024-02-14T17:46:24.939639370Z" level=info msg="No non-localhost DNS nameservers are left in resolv.conf. Using default external servers: [nameserver 8.8.8.8 nameserver 8.8.4.4]"
xcross dockerd[219873]: time="2024-02-14T17:46:24.939665799Z" level=info msg="IPv6 enabled; Adding default IPv6 external servers: [nameserver 2001:4860:4860::8888 nameserver 2001:4860:4860::8844]"
xcross dockerd[219873]: time="2024-02-14T17:46:24.958976518Z" level=warning msg="path in container /dev/kvm already exists in privileged mode" container=802bb2aef8cd0a98899bbec02ecdb2e973e7ee2cdc721bfebd18243f181dda09

==> /var/log/kern.log <==
xcross kernel: [5753607.028012] eth0: renamed from veth8e22eab
xcross kernel: [5753607.055653] IPv6: ADDRCONF(NETDEV_CHANGE): veth82564e1: link becomes ready
xcross kernel: [5753607.055749] br-7f92faed1288: port 1(veth82564e1) entered blocking state
xcross kernel: [5753607.055751] br-7f92faed1288: port 1(veth82564e1) entered forwarding state
xcross kernel: [5753607.185640] device eth0 entered promiscuous mode
xcross kernel: [5753607.210450] device qemu_host entered promiscuous mode
xcross kernel: [5753607.212525] dockerbridge: port 1(qemu_host) entered blocking state
xcross kernel: [5753607.212528] dockerbridge: port 1(qemu_host) entered disabled state
xcross kernel: [5753607.212652] dockerbridge: port 1(qemu_host) entered blocking state
xcross kernel: [5753607.212654] dockerbridge: port 1(qemu_host) entered forwarding state

==> /var/log/syslog <==
xcross containerd[219195]: time="2024-02-14T17:46:24.975924533Z" level=info msg="loading plugin \"io.containerd.event.v1.publisher\"..." runtime=io.containerd.runc.v2 type=io.containerd.event.v1
xcross containerd[219195]: time="2024-02-14T17:46:24.976058933Z" level=info msg="loading plugin \"io.containerd.internal.v1.shutdown\"..." runtime=io.containerd.runc.v2 type=io.containerd.internal.v1
xcross containerd[219195]: time="2024-02-14T17:46:24.976079221Z" level=info msg="loading plugin \"io.containerd.ttrpc.v1.task\"..." runtime=io.containerd.runc.v2 type=io.containerd.ttrpc.v1
xcross containerd[219195]: time="2024-02-14T17:46:24.976230172Z" level=info msg="starting signal loop" namespace=moby path=/run/containerd/io.containerd.runtime.v2.task/moby/802bb2aef8cd0a98899bbec02ecdb2e973e7ee2cdc721bfebd18243f181dda09 pid=797520 runtime=io.containerd.runc.v2
xcross kernel: [5753607.028012] eth0: renamed from veth8e22eab
xcross systemd-networkd[220463]: veth82564e1: Gained carrier
xcross kernel: [5753607.055653] IPv6: ADDRCONF(NETDEV_CHANGE): veth82564e1: link becomes ready
xcross kernel: [5753607.055749] br-7f92faed1288: port 1(veth82564e1) entered blocking state
xcross kernel: [5753607.055751] br-7f92faed1288: port 1(veth82564e1) entered forwarding state
xcross kernel: [5753607.185640] device eth0 entered promiscuous mode
xcross kernel: [5753607.210450] device qemu_host entered promiscuous mode
xcross kernel: [5753607.212525] dockerbridge: port 1(qemu_host) entered blocking state
xcross kernel: [5753607.212528] dockerbridge: port 1(qemu_host) entered disabled state
xcross kernel: [5753607.212652] dockerbridge: port 1(qemu_host) entered blocking state
xcross kernel: [5753607.212654] dockerbridge: port 1(qemu_host) entered forwarding state
xcross systemd-networkd[220463]: veth82564e1: Gained IPv6LL
